<?xml version="1.0" encoding="UTF-8"?>
<!-- Generated by org.testng.reporters.JUnitReportReporter -->
<testsuite hostname="LAPTOP-1JHII323" name="org.testng.com.Demo.Test1" tests="1" failures="0" timestamp="10 Apr 2019 19:31:47 GMT" time="0.032" errors="0">
  <testcase name="te" time="0.032" classname="org.testng.com.Demo.Test1"/>
</testsuite> <!-- org.testng.com.Demo.Test1 -->
